<?xml version="1.0" encoding="UTF-8"?>
<!-- Generated by org.testng.reporters.JUnitReportReporter -->
<testsuite hostname="LAPTOP-I7JN5N1S" failures="0" tests="1" name="mmt.MMTTest" time="68.752" errors="0" timestamp="2021-10-11T10:18:27 IST" skipped="0">
  <testcase classname="mmt.MMTTest" name="login" time="68.752"/>
  <system-out/>
</testsuite> <!-- mmt.MMTTest -->
