<?xml version="1.0" encoding="UTF-8"?>
<!-- Generated by org.testng.reporters.JUnitReportReporter -->
<testsuite hostname="LAPTOP-I7JN5N1S" failures="0" tests="1" name="TestCases.RediffLogin" time="47.379" errors="0" timestamp="2021-09-28T21:40:38 IST" skipped="0">
  <testcase classname="TestCases.RediffLogin" name="login" time="47.379"/>
  <system-out/>
</testsuite> <!-- TestCases.RediffLogin -->
