<?xml version="1.0" encoding="UTF-8"?>
<!-- Generated by org.testng.reporters.JUnitReportReporter -->
<testsuite hostname="LAPTOP-I7JN5N1S" failures="0" tests="1" name="guru99Test.Guru99LoginTest" time="19.427" errors="0" timestamp="2021-09-29T12:04:26 IST" skipped="0">
  <testcase classname="guru99Test.Guru99LoginTest" name="login" time="19.427"/>
  <system-out/>
</testsuite> <!-- guru99Test.Guru99LoginTest -->
