<?xml version="1.0" encoding="UTF-8"?>
<!-- Generated by org.testng.reporters.JUnitReportReporter -->
<testsuite hostname="LAPTOP-I7JN5N1S" failures="0" tests="1" name="CapG.CapGDemo.AppTest" time="0.039" errors="0" timestamp="2021-09-22T11:43:59 IST" skipped="0">
  <testcase classname="CapG.CapGDemo.AppTest" name="shouldAnswerWithTrue" time="0.039"/>
  <system-out/>
</testsuite> <!-- CapG.CapGDemo.AppTest -->
