<?xml version="1.0" encoding="UTF-8"?>
<!-- Generated by org.testng.reporters.JUnitReportReporter -->
<testsuite hostname="LAPTOP-I7JN5N1S" failures="0" tests="2" name="courseraTest.CourseraJoinFreeTest" time="119.629" errors="0" timestamp="2021-10-07T17:11:33 IST" skipped="0">
  <testcase classname="courseraTest.CourseraJoinFreeTest" name="joinBtn" time="66.052"/>
  <system-out/>
  <testcase classname="courseraTest.CourseraJoinFreeTest" name="test" time="53.577"/>
  <system-out/>
</testsuite> <!-- courseraTest.CourseraJoinFreeTest -->
