<?xml version="1.0" encoding="UTF-8"?>
<!-- Generated by org.testng.reporters.JUnitReportReporter -->
<testsuite hostname="LAPTOP-I7JN5N1S" failures="0" tests="1" name="googleTestcase.GoogleTestCases" time="11.098" errors="0" timestamp="2021-09-28T21:57:38 IST" skipped="0">
  <testcase classname="googleTestcase.GoogleTestCases" name="googleSearch" time="11.098"/>
  <system-out/>
</testsuite> <!-- googleTestcase.GoogleTestCases -->
